<?xml version="1.0" encoding="UTF-8"?>
<!-- Generated by org.testng.reporters.JUnitReportReporter -->
<testsuite hostname="DESKTOP-20A1KAB" failures="0" tests="4" name="api.test.UserTests2" time="44.918" errors="0" timestamp="2023-12-01T13:04:57 IST" skipped="0">
  <testcase classname="api.test.UserTests2" name="testPostUser" time="6.625"/>
  <testcase classname="api.test.UserTests2" name="testGetUserByName" time="6.293"/>
  <testcase classname="api.test.UserTests2" name="testUpdateUserByName" time="27.759"/>
  <testcase classname="api.test.UserTests2" name="testDeleteUserByName" time="4.241"/>
</testsuite> <!-- api.test.UserTests2 -->
