<?xml version="1.0" encoding="UTF-8"?>
<!-- Generated by org.testng.reporters.JUnitReportReporter -->
<testsuite hostname="DESKTOP-20A1KAB" failures="0" tests="4" name="api.test.UserTests" time="20.934" errors="0" timestamp="2023-12-01T13:23:01 IST" skipped="0">
  <testcase classname="api.test.UserTests" name="testPostUser" time="4.652"/>
  <testcase classname="api.test.UserTests" name="testGetUserByName" time="4.924"/>
  <testcase classname="api.test.UserTests" name="testUpdateUserByName" time="8.281"/>
  <testcase classname="api.test.UserTests" name="testDeleteUserByName" time="3.077"/>
</testsuite> <!-- api.test.UserTests -->
