<?xml version="1.0" encoding="UTF-8"?>
<!-- Generated by org.testng.reporters.JUnitReportReporter -->
<testsuite hostname="DESKTOP-20A1KAB" failures="0" tests="6" name="api.test.DDTests" time="29.399" errors="0" timestamp="2023-12-01T13:23:01 IST" skipped="0">
  <testcase classname="api.test.DDTests" name="testPostuser" time="8.927"/>
  <testcase classname="api.test.DDTests" name="testPostuser" time="4.135"/>
  <testcase classname="api.test.DDTests" name="testPostuser" time="3.748"/>
  <testcase classname="api.test.DDTests" name="testDeleteUserByName" time="3.996"/>
  <testcase classname="api.test.DDTests" name="testDeleteUserByName" time="4.898"/>
  <testcase classname="api.test.DDTests" name="testDeleteUserByName" time="3.695"/>
</testsuite> <!-- api.test.DDTests -->
